This is METAFONT, Version 2.7182818 (TeX Live 2019/dev/Debian) (preloaded base=mf 2019.11.22)  27 NOV 2019 09:35
**\mode:=ljfour; mag:=1+0/600; nonstopmode; input ecsi1200
(/usr/share/texlive/texmf-dist/fonts/source/jknappen/ec/ecsi1200.mf
(/usr/share/texlive/texmf-dist/fonts/source/jknappen/ec/exbase.mf)
(/usr/share/texlive/texmf-dist/fonts/source/jknappen/ec/ecsi.mf
(/usr/share/texlive/texmf-dist/fonts/source/jknappen/ec/exroman.mf
 Ok (/usr/share/texlive/texmf-dist/fonts/source/jknappen/ec/exaccess.mf
 Ok) (/usr/share/texlive/texmf-dist/fonts/source/jknappen/ec/expseudo.mf
 Ok) (/usr/share/texlive/texmf-dist/fonts/source/jknappen/ec/exruwest.mf
 Ok [192] [193] [194] [195] [196] [197] [198] [199] [200] [201] [202] [203]
[204] [205] [206] [207] [208] [209] [210] [211] [212] [213] [214] [215]
[216] [217] [218] [219] [220] [221] [222] [223])
(/usr/share/texlive/texmf-dist/fonts/source/jknappen/ec/exrlwest.mf
 Ok [224] [225] [226] [227] [228] [229] [230] [231] [232] [233] [234] [235]
[236] [237] [238] [239] [240] [241] [242] [243] [244] [245] [246] [247]
[248] [249] [250] [251] [252] [253] [254] [255])
(/usr/share/texlive/texmf-dist/fonts/source/jknappen/ec/exrueast.mf
 Ok [128] [129] [130] [131] [132] [133] [134] [135] [136] [137] [138] [139]
[140] [141] [142] [143] [144] [145] [146] [147] [148] [149] [150] [151]
[152] [153] [154] [155] [156] [157])
(/usr/share/texlive/texmf-dist/fonts/source/jknappen/ec/exrleast.mf
 Ok [158] [160] [161] [162] [163] [164] [165] [166] [167] [168] [169] [170]
[171] [172] [173] [174] [175] [176] [177] [178] [179] [180] [181] [182]
! Interruption.
l.934 penpos2'(stem-fine,-180); z2'=z2;
                                        y3=y1; y2=.5bar_height;
? 
! Emergency stop.
l.934 penpos2'(stem-fine,-180); z2'=z2;
                                        y3=y1; y2=.5bar_height;
End of file on the terminal!

 
Here is how much of METAFONT's memory you used:
 588 strings out of 5274
 6663 string characters out of 69974
 40893 words of memory out of 5000000
 1495 symbolic tokens out of 9500
 12i,79n,0r,23p,232b stack positions out of 300i,300n,1000r,150p,200000b
 
(You used 38w,12h,5d,26i,0l,0k,0e,0p metric file positions
  out of 256w,16h,16d,64i,15000l,2500k,256e,60p)
Font metrics written on ecsi1200.tfm.
Output written on ecsi1200.600gf (118 characters, 28580 bytes).
